<?xml version="1.0" encoding="UTF-8"?>
<!-- Generated by org.testng.reporters.JUnitXMLReporter -->
<testsuite hostname="ROWLSITD516494S" ignored="0" name="Surefire test" tests="4" failures="1" timestamp="2021-11-25T13:47:39 GMT+04:00" time="73.38" errors="0">
  <testcase name="eVisaTrackApplication" time="4.851" classname="dockerizedSelenium.AzureSeleniumTest"/>
  <testcase name="contactUsText" time="2.941" classname="dockerizedSelenium.AzureSeleniumTest"/>
  <testcase name="captchaCheck" time="3.588" classname="dockerizedSelenium.AzureSeleniumTest">
    <failure type="java.lang.AssertionError" message="expected [false] but found [true]">
      <![CDATA[java.lang.AssertionError: expected [false] but found [true]
at dockerizedSelenium.AzureSeleniumTest.captchaCheck(AzureSeleniumTest.java:75)
at java.util.ArrayList.forEach(ArrayList.java:1257)
... Removed 36 stack frames]]>
    </failure>
  </testcase> <!-- captchaCheck -->
  <testcase name="titleCheck" time="0.012" classname="dockerizedSelenium.AzureSeleniumTest"/>
</testsuite> <!-- Surefire test -->
