<?xml version="1.0" encoding="UTF-8"?>
<!-- Generated by org.testng.reporters.JUnitXMLReporter -->
<testsuite hostname="ROWLSITD516494S" ignored="0" name="Firefox Test" tests="4" failures="0" timestamp="23 Nov 2021 12:49:53 GMT" time="4.364" errors="0">
  <testcase name="@BeforeTest tearUp" time="4.264" classname="dockerizedSelenium.AzureSeleniumTest">
    <failure type="org.openqa.selenium.WebDriverException" message="Cannot find firefox binary in PATH. Make sure firefox is installed. OS appears to be: WIN10
Build info: version: &amp;apos;3.141.59&amp;apos;, revision: &amp;apos;e82be7d358&amp;apos;, time: &amp;apos;2018-11-14T08:17:03&amp;apos;
System info: host: &amp;apos;ROWLSITD516494S&amp;apos;, ip: &amp;apos;192.168.56.1&amp;apos;, os.name: &amp;apos;Windows 10&amp;apos;, os.arch: &amp;apos;amd64&amp;apos;, os.version: &amp;apos;10.0&amp;apos;, java.version: &amp;apos;1.8.0_202&amp;apos;
Driver info: driver.version: FirefoxDriver">
      <![CDATA[org.openqa.selenium.WebDriverException: Cannot find firefox binary in PATH. Make sure firefox is installed. OS appears to be: WIN10
Build info: version: '3.141.59', revision: 'e82be7d358', time: '2018-11-14T08:17:03'
System info: host: 'ROWLSITD516494S', ip: '192.168.56.1', os.name: 'Windows 10', os.arch: 'amd64', os.version: '10.0', java.version: '1.8.0_202'
Driver info: driver.version: FirefoxDriver
at org.openqa.selenium.firefox.FirefoxBinary.<init>(FirefoxBinary.java:100)
at java.util.Optional.orElseGet(Optional.java:267)
at org.openqa.selenium.firefox.FirefoxOptions.getBinary(FirefoxOptions.java:216)
at org.openqa.selenium.firefox.FirefoxDriver.toExecutor(FirefoxDriver.java:187)
at org.openqa.selenium.firefox.FirefoxDriver.<init>(FirefoxDriver.java:147)
at org.openqa.selenium.firefox.FirefoxDriver.<init>(FirefoxDriver.java:125)
at dockerizedSelenium.AzureSeleniumTest.tearUp(AzureSeleniumTest.java:39)
at java.util.concurrent.FutureTask.run(FutureTask.java:266)
at java.util.concurrent.ThreadPoolExecutor.runWorker(ThreadPoolExecutor.java:1149)
at java.util.concurrent.ThreadPoolExecutor$Worker.run(ThreadPoolExecutor.java:624)
at java.lang.Thread.run(Thread.java:748)
... Removed 15 stack frames]]>
    </failure>
  </testcase> <!-- @BeforeTest tearUp -->
  <testcase name="@AfterTest teraDown" time="0.0" classname="dockerizedSelenium.AzureSeleniumTest">
    <skipped/>
  </testcase> <!-- @AfterTest teraDown -->
  <testcase name="eVisaTrackApplication" time="0.0" classname="dockerizedSelenium.AzureSeleniumTest">
    <skipped/>
  </testcase> <!-- eVisaTrackApplication -->
  <testcase name="contactUsText" time="0.0" classname="dockerizedSelenium.AzureSeleniumTest">
    <skipped/>
  </testcase> <!-- contactUsText -->
  <testcase name="captchaCheck" time="0.0" classname="dockerizedSelenium.AzureSeleniumTest">
    <skipped/>
  </testcase> <!-- captchaCheck -->
  <testcase name="titleCheck" time="0.0" classname="dockerizedSelenium.AzureSeleniumTest">
    <skipped/>
  </testcase> <!-- titleCheck -->
</testsuite> <!-- Firefox Test -->
