<?xml version="1.0" encoding="UTF-8"?>
<testng-results skipped="0" failed="1" ignored="0" total="4" passed="3">
  <reporter-output>
  </reporter-output>
  <suite name="Default suite" duration-ms="67321" started-at="2021-11-24T05:59:55Z" finished-at="2021-11-24T06:01:02Z">
    <groups>
    </groups>
    <test name="Default test" duration-ms="67321" started-at="2021-11-24T05:59:55Z" finished-at="2021-11-24T06:01:02Z">
      <class name="dockerizedSelenium.AzureSeleniumTest">
        <test-method status="PASS" signature="tearUp()[pri:0, instance:dockerizedSelenium.AzureSeleniumTest@1ed4004b]" name="tearUp" is-config="true" duration-ms="50190" started-at="2021-11-24T05:59:55Z" finished-at="2021-11-24T06:00:45Z">
          <reporter-output>
          </reporter-output>
        </test-method> <!-- tearUp -->
        <test-method status="PASS" signature="eVisaTrackApplication()[pri:1, instance:dockerizedSelenium.AzureSeleniumTest@1ed4004b]" name="eVisaTrackApplication" duration-ms="5805" started-at="2021-11-24T06:00:45Z" finished-at="2021-11-24T06:00:51Z">
          <reporter-output>
          </reporter-output>
        </test-method> <!-- eVisaTrackApplication -->
        <test-method status="PASS" signature="contactUsText()[pri:2, instance:dockerizedSelenium.AzureSeleniumTest@1ed4004b]" name="contactUsText" duration-ms="2267" started-at="2021-11-24T06:00:51Z" finished-at="2021-11-24T06:00:53Z">
          <reporter-output>
          </reporter-output>
        </test-method> <!-- contactUsText -->
        <test-method status="FAIL" signature="captchaCheck()[pri:3, instance:dockerizedSelenium.AzureSeleniumTest@1ed4004b]" name="captchaCheck" duration-ms="7958" started-at="2021-11-24T06:00:53Z" finished-at="2021-11-24T06:01:01Z">
          <exception class="java.lang.AssertionError">
            <message>
              <![CDATA[expected [false] but found [true]]]>
            </message>
            <full-stacktrace>
              <![CDATA[java.lang.AssertionError: expected [false] but found [true]
at org.testng.Assert.fail(Assert.java:96)
at org.testng.Assert.failNotEquals(Assert.java:776)
at org.testng.Assert.assertEqualsImpl(Assert.java:137)
at org.testng.Assert.assertEquals(Assert.java:118)
at org.testng.Assert.assertEquals(Assert.java:442)
at dockerizedSelenium.AzureSeleniumTest.captchaCheck(AzureSeleniumTest.java:75)
at sun.reflect.NativeMethodAccessorImpl.invoke0(Native Method)
at sun.reflect.NativeMethodAccessorImpl.invoke(NativeMethodAccessorImpl.java:62)
at sun.reflect.DelegatingMethodAccessorImpl.invoke(DelegatingMethodAccessorImpl.java:43)
at java.lang.reflect.Method.invoke(Method.java:498)
at org.testng.internal.MethodInvocationHelper.invokeMethod(MethodInvocationHelper.java:124)
at org.testng.internal.Invoker.invokeMethod(Invoker.java:583)
at org.testng.internal.Invoker.invokeTestMethod(Invoker.java:719)
at org.testng.internal.Invoker.invokeTestMethods(Invoker.java:989)
at org.testng.internal.TestMethodWorker.invokeTestMethods(TestMethodWorker.java:125)
at org.testng.internal.TestMethodWorker.run(TestMethodWorker.java:109)
at org.testng.TestRunner.privateRun(TestRunner.java:648)
at org.testng.TestRunner.run(TestRunner.java:505)
at org.testng.SuiteRunner.runTest(SuiteRunner.java:455)
at org.testng.SuiteRunner.runSequentially(SuiteRunner.java:450)
at org.testng.SuiteRunner.privateRun(SuiteRunner.java:415)
at org.testng.SuiteRunner.run(SuiteRunner.java:364)
at org.testng.SuiteRunnerWorker.runSuite(SuiteRunnerWorker.java:52)
at org.testng.SuiteRunnerWorker.run(SuiteRunnerWorker.java:84)
at org.testng.TestNG.runSuitesSequentially(TestNG.java:1208)
at org.testng.TestNG.runSuitesLocally(TestNG.java:1137)
at org.testng.TestNG.runSuites(TestNG.java:1049)
at org.testng.TestNG.run(TestNG.java:1017)
at org.testng.remote.AbstractRemoteTestNG.run(AbstractRemoteTestNG.java:114)
at org.testng.remote.RemoteTestNG.initAndRun(RemoteTestNG.java:251)
at org.testng.remote.RemoteTestNG.main(RemoteTestNG.java:77)
]]>
            </full-stacktrace>
          </exception> <!-- java.lang.AssertionError -->
          <reporter-output>
          </reporter-output>
        </test-method> <!-- captchaCheck -->
        <test-method status="PASS" signature="titleCheck()[pri:4, instance:dockerizedSelenium.AzureSeleniumTest@1ed4004b]" name="titleCheck" duration-ms="42" started-at="2021-11-24T06:01:01Z" finished-at="2021-11-24T06:01:01Z">
          <reporter-output>
          </reporter-output>
        </test-method> <!-- titleCheck -->
        <test-method status="PASS" signature="teraDown()[pri:0, instance:dockerizedSelenium.AzureSeleniumTest@1ed4004b]" name="teraDown" is-config="true" duration-ms="1001" started-at="2021-11-24T06:01:01Z" finished-at="2021-11-24T06:01:02Z">
          <reporter-output>
          </reporter-output>
        </test-method> <!-- teraDown -->
      </class> <!-- dockerizedSelenium.AzureSeleniumTest -->
    </test> <!-- Default test -->
  </suite> <!-- Default suite -->
</testng-results>
