<?xml version="1.0" encoding="UTF-8"?>
<!-- Generated by org.testng.reporters.JUnitReportReporter -->
<testsuite skipped="4" hostname="ROWLSITD516494S" name="dockerizedSelenium.DockerizedSeleniumTest" tests="5" failures="0" timestamp="13 Oct 2021 13:00:25 GMT" time="0.000" errors="1">
  <testcase name="tearUp" time="0.000" classname="dockerizedSelenium.DockerizedSeleniumTest">
    <error type="org.testng.TestNGException" message="
Parameter &#039;browser&#039; is required by BeforeTest on method tearUp but has not been marked @Optional or defined
in C:\Users\Mandeep.Sheoran\AppData\Local\Temp\testng-eclipse-1284680985\testng-customsuite.xml">
      <![CDATA[org.testng.TestNGException: 
Parameter 'browser' is required by BeforeTest on method tearUp but has not been marked @Optional or defined
in C:\Users\Mandeep.Sheoran\AppData\Local\Temp\testng-eclipse-1284680985\testng-customsuite.xml
at org.testng.internal.Parameters.createParams(Parameters.java:290)
at org.testng.internal.Parameters.createParametersForMethod(Parameters.java:359)
at org.testng.internal.Parameters.createParameters(Parameters.java:620)
at org.testng.internal.Parameters.createConfigurationParameters(Parameters.java:190)
at org.testng.internal.Invoker.invokeConfigurations(Invoker.java:209)
at org.testng.internal.Invoker.invokeConfigurations(Invoker.java:142)
at org.testng.TestRunner.beforeRun(TestRunner.java:529)
at org.testng.TestRunner.run(TestRunner.java:497)
at org.testng.SuiteRunner.runTest(SuiteRunner.java:455)
at org.testng.SuiteRunner.runSequentially(SuiteRunner.java:450)
at org.testng.SuiteRunner.privateRun(SuiteRunner.java:415)
at org.testng.SuiteRunner.run(SuiteRunner.java:364)
at org.testng.SuiteRunnerWorker.runSuite(SuiteRunnerWorker.java:52)
at org.testng.SuiteRunnerWorker.run(SuiteRunnerWorker.java:84)
at org.testng.TestNG.runSuitesSequentially(TestNG.java:1208)
at org.testng.TestNG.runSuitesLocally(TestNG.java:1137)
at org.testng.TestNG.runSuites(TestNG.java:1049)
at org.testng.TestNG.run(TestNG.java:1017)
at org.testng.remote.AbstractRemoteTestNG.run(AbstractRemoteTestNG.java:114)
at org.testng.remote.RemoteTestNG.initAndRun(RemoteTestNG.java:251)
at org.testng.remote.RemoteTestNG.main(RemoteTestNG.java:77)
]]>
    </error>
  </testcase> <!-- tearUp -->
  <testcase name="eVisaTrackApplication" time="0.000" classname="dockerizedSelenium.DockerizedSeleniumTest">
    <skipped/>
  </testcase> <!-- eVisaTrackApplication -->
  <testcase name="contactUsText" time="0.000" classname="dockerizedSelenium.DockerizedSeleniumTest">
    <skipped/>
  </testcase> <!-- contactUsText -->
  <testcase name="captchaCheck" time="0.000" classname="dockerizedSelenium.DockerizedSeleniumTest">
    <skipped/>
  </testcase> <!-- captchaCheck -->
  <testcase name="titleCheck" time="0.000" classname="dockerizedSelenium.DockerizedSeleniumTest">
    <skipped/>
  </testcase> <!-- titleCheck -->
</testsuite> <!-- dockerizedSelenium.DockerizedSeleniumTest -->
